[2026-04-11 08:39:33] === [Lego-sia] Autonomous News Service V1.0 Started ===
[2026-04-11 08:39:33] 🚀 Starting Hourly News Harvest Cycle...
[2026-04-11 08:40:22] === [Lego-sia] Autonomous News Service V1.0 Started ===
[2026-04-11 08:40:22] 🚀 Starting Hourly News Harvest Cycle...
[2026-04-11 08:40:51] ✅ Cycle Completed Successfully.
[2026-04-11 08:40:51] 😴 Sleeping for 58 minutes until next cycle...
[2026-04-11 08:41:41] ✅ Cycle Completed Successfully.
[2026-04-11 08:41:41] 😴 Sleeping for 58 minutes until next cycle...
[2026-04-11 08:49:56] === [Lego-sia] Autonomous News Service V1.0 Started ===
[2026-04-11 08:49:56] 🚀 Starting Hourly News Harvest Cycle...
[2026-04-11 08:50:49] === [Lego-sia] Autonomous News Service V1.0 Started ===
[2026-04-11 08:50:49] 🚀 Starting Hourly News Harvest Cycle...
[2026-04-11 08:51:05] ✅ Cycle Completed Successfully.
[2026-04-11 08:51:05] 😴 Sleeping for 58 minutes until next cycle...
[2026-04-11 08:52:19] ✅ Cycle Completed Successfully.
[2026-04-11 08:52:19] 😴 Sleeping for 58 minutes until next cycle...
[2026-04-11 09:32:11] === [Lego-sia] Autonomous News Service V1.0 Started ===
[2026-04-11 09:32:30] === [Lego-sia] Autonomous News Service V1.0 Started ===
[2026-04-11 09:32:30] Starting Hourly News Harvest Cycle...
[2026-04-11 09:33:02] === [Lego-sia] Autonomous News Service V1.1 Started ===
[2026-04-11 09:33:02] Starting Hourly News Harvest Cycle...
[2026-04-11 09:33:37] FAILED: Cycle Failed with return code 1
[2026-04-11 09:33:37] Error: C:\Users\ff8sc\AppData\Roaming\Python\Python310\site-packages\google\api_core\_python_version_support.py:275: FutureWarning: You are using a Python version (3.10.6) which Google will stop supporting in new releases of google.api_core once it reaches its end of life (2026-10-04). Please upgrade to the latest Python version, or at least Python 3.11, to continue receiving updates for google.api_core past that date.
  warnings.warn(message, FutureWarning)
C:\AI\Antigravity\Blog\automation\ai_writer.
[2026-04-11 09:33:37] SLEEP: Sleeping for 59 minutes until next cycle...
[2026-04-11 10:32:30] Starting Hourly News Harvest Cycle...
[2026-04-11 10:33:02] Starting Hourly News Harvest Cycle...
[2026-04-11 10:34:00] SUCCESS: Cycle Completed Successfully.
[2026-04-11 10:34:00] SLEEP: Sleeping for 59 minutes until next cycle...
[2026-04-11 11:32:30] Starting Hourly News Harvest Cycle...
[2026-04-11 11:33:02] Starting Hourly News Harvest Cycle...
[2026-04-11 11:34:07] SUCCESS: Cycle Completed Successfully.
[2026-04-11 11:34:07] SLEEP: Sleeping for 58 minutes until next cycle...
